<?xml version="1.0" encoding="UTF-8"?>
<!-- Generated by org.testng.reporters.JUnitXMLReporter -->
<testsuite ignored="0" hostname="DESKTOP-E4U0CCS" failures="0" tests="3" name="Submit order test" time="32.096" errors="0" timestamp="2024-10-19T20:25:59 IST">
  <testcase classname="SeleniumFramework.tests.StandAloneTest_4" name="submitOrder" time="6.329"/>
  <testcase classname="SeleniumFramework.tests.StandAloneTest_4" name="submitOrder" time="4.795"/>
  <testcase classname="SeleniumFramework.tests.StandAloneTest_4" name="orderHistoryCheck" time="1.383"/>
</testsuite> <!-- Submit order test -->
