<?xml version="1.0" encoding="UTF-8"?>
<!-- Generated by org.testng.reporters.JUnitXMLReporter -->
<testsuite ignored="0" hostname="DESKTOP-E4U0CCS" failures="0" tests="2" name="Check login credentials and desired product is added in item test" time="18.956" errors="0" timestamp="2024-10-19T21:04:47 IST">
  <testcase classname="SeleniumFramework.tests.ErrorValidation" name="checkDesiredProduct" time="3.971"/>
  <testcase classname="SeleniumFramework.tests.ErrorValidation" name="checkLoginCreds" time="0.993"/>
</testsuite> <!-- Check login credentials and desired product is added in item test -->
