<?xml version="1.0" encoding="UTF-8"?>
<!-- Generated by org.testng.reporters.JUnitXMLReporter -->
<testsuite ignored="0" hostname="DESKTOP-E4U0CCS" failures="0" tests="3" name="Submit order test" time="29.757" errors="0" timestamp="2024-10-19T21:04:58 IST">
  <testcase classname="SeleniumFramework.tests.StandAloneTest_4" name="submitOrder" time="6.277"/>
  <testcase classname="SeleniumFramework.tests.StandAloneTest_4" name="submitOrder" time="4.27"/>
  <testcase classname="SeleniumFramework.tests.StandAloneTest_4" name="orderHistoryCheck" time="1.256"/>
</testsuite> <!-- Submit order test -->
